<?xml version="1.0" encoding="UTF-8"?>
<!-- Generated by org.testng.reporters.JUnitReportReporter -->
<testsuite skipped="0" hostname="DS-2111AA680738" name="com.ManChesterUnitedKingdom.TestClass.LoginAndForgetPasswordClass" tests="3" failures="0" timestamp="24 Aug 2018 16:38:33 GMT" time="182.772" errors="0">
  <testcase name="ForgetPassword" time="115.820" classname="com.ManChesterUnitedKingdom.TestClass.LoginAndForgetPasswordClass"/>
  <testcase name="LogOUt" time="45.399" classname="com.ManChesterUnitedKingdom.TestClass.LoginAndForgetPasswordClass"/>
  <testcase name="Login" time="21.553" classname="com.ManChesterUnitedKingdom.TestClass.LoginAndForgetPasswordClass"/>
</testsuite> <!-- com.ManChesterUnitedKingdom.TestClass.LoginAndForgetPasswordClass -->
