<?xml version="1.0" encoding="UTF-8"?>
<!-- Generated by org.testng.reporters.JUnitReportReporter -->
<testsuite skipped="0" hostname="DS-2111AA680738" name="RoughWork.FocusOnElements" tests="1" failures="0" timestamp="24 Aug 2018 12:07:35 GMT" time="0.107" errors="0">
  <testcase name="FocusOnElement" time="0.107" classname="RoughWork.FocusOnElements"/>
</testsuite> <!-- RoughWork.FocusOnElements -->
