<?xml version="1.0" encoding="UTF-8"?>
<!-- Generated by org.testng.reporters.JUnitReportReporter -->
<testsuite skipped="0" hostname="Rahul07" name="com.ManChesterUnitedKingdom.TestClass.LoginPageClass" tests="1" failures="0" timestamp="09 Jul 2018 10:46:12 GMT" time="4.778" errors="0">
  <testcase name="LogInFlow" time="4.778" classname="com.ManChesterUnitedKingdom.TestClass.LoginPageClass"/>
</testsuite> <!-- com.ManChesterUnitedKingdom.TestClass.LoginPageClass -->
