<?xml version="1.0" encoding="UTF-8"?>
<!-- Generated by org.testng.reporters.JUnitReportReporter -->
<testsuite skipped="0" hostname="DS-2111AA680738" name="RoughWork.SplunkDEmo" tests="1" failures="0" timestamp="25 Aug 2018 15:20:31 GMT" time="26.917" errors="0">
  <testcase name="SplunkMOdule" time="26.917" classname="RoughWork.SplunkDEmo"/>
</testsuite> <!-- RoughWork.SplunkDEmo -->
