<?xml version="1.0" encoding="UTF-8"?>
<!-- Generated by org.testng.reporters.JUnitReportReporter -->
<testsuite skipped="0" hostname="Rahul07" name="RoughWork.ReportingExample" tests="2" failures="0" timestamp="03 Jul 2018 08:19:32 GMT" time="0.019" errors="0">
  <testcase name="testLogin" time="0.015" classname="RoughWork.ReportingExample"/>
  <testcase name="testLogout" time="0.004" classname="RoughWork.ReportingExample"/>
</testsuite> <!-- RoughWork.ReportingExample -->
