<?xml version="1.0" encoding="UTF-8"?>
<!-- Generated by org.testng.reporters.JUnitReportReporter -->
<testsuite skipped="0" hostname="Rahul07" name="RoughWork.TestAppBase" tests="1" failures="0" timestamp="24 Jul 2018 15:15:55 GMT" time="0.005" errors="0">
  <testcase name="hello" time="0.005" classname="RoughWork.TestAppBase"/>
</testsuite> <!-- RoughWork.TestAppBase -->
