<?xml version="1.0" encoding="UTF-8"?>
<!-- Generated by org.testng.reporters.JUnitReportReporter -->
<testsuite skipped="0" hostname="DS-2111AA680738" name="com.ManChesterUnitedKingdom.TestClass.United_vs_TottenhamInHomePageClass" tests="1" failures="0" timestamp="24 Aug 2018 11:55:22 GMT" time="8.784" errors="0">
  <testcase name="ClickOnResgisterInterestModule" time="8.784" classname="com.ManChesterUnitedKingdom.TestClass.United_vs_TottenhamInHomePageClass"/>
</testsuite> <!-- com.ManChesterUnitedKingdom.TestClass.United_vs_TottenhamInHomePageClass -->
