<?xml version="1.0" encoding="UTF-8"?>
<!-- Generated by org.testng.reporters.JUnitReportReporter -->
<testsuite skipped="0" hostname="Rahul07" name="com.MUK.TestClass.FixturesPageClass" tests="3" failures="0" timestamp="27 Jun 2018 13:19:40 GMT" time="29.644" errors="0">
  <testcase name="FixtureLink" time="13.820" classname="com.MUK.TestClass.FixturesPageClass"/>
  <testcase name="CalenderForm" time="10.717" classname="com.MUK.TestClass.FixturesPageClass"/>
  <testcase name="Verification_Google_Calender_title" time="5.107" classname="com.MUK.TestClass.FixturesPageClass"/>
</testsuite> <!-- com.MUK.TestClass.FixturesPageClass -->
