<?xml version="1.0" encoding="UTF-8"?>
<!-- Generated by org.testng.reporters.JUnitReportReporter -->
<testsuite skipped="0" hostname="Rahul07" name="com.MUK.TestClass.HelpPageClass" tests="5" failures="0" timestamp="27 Jun 2018 13:19:40 GMT" time="23.642" errors="0">
  <testcase name="Help" time="21.267" classname="com.MUK.TestClass.HelpPageClass"/>
  <testcase name="TitleOfPage_Verification" time="0.013" classname="com.MUK.TestClass.HelpPageClass"/>
  <testcase name="TitleOfTicketSales" time="2.034" classname="com.MUK.TestClass.HelpPageClass"/>
  <testcase name="Total_numberOfPhoneNumber" time="0.146" classname="com.MUK.TestClass.HelpPageClass"/>
  <testcase name="Total_numberOf_Title_OfPhoneNumber" time="0.182" classname="com.MUK.TestClass.HelpPageClass"/>
</testsuite> <!-- com.MUK.TestClass.HelpPageClass -->
