<?xml version="1.0" encoding="UTF-8"?>
<!-- Generated by org.testng.reporters.JUnitReportReporter -->
<testsuite skipped="0" hostname="Rahul07" name="com.ManChesterUnitedKingdom.TestClass.SignUpPageClass" tests="2" failures="0" timestamp="24 Jul 2018 13:49:51 GMT" time="55.731" errors="0">
  <testcase name="YopmailIDCreation" time="30.466" classname="com.ManChesterUnitedKingdom.TestClass.SignUpPageClass"/>
  <testcase name="ManchesterUnitedKingdomegister" time="25.265" classname="com.ManChesterUnitedKingdom.TestClass.SignUpPageClass"/>
</testsuite> <!-- com.ManChesterUnitedKingdom.TestClass.SignUpPageClass -->
