<?xml version="1.0" encoding="UTF-8"?>
<!-- Generated by org.testng.reporters.JUnitReportReporter -->
<testsuite skipped="0" hostname="DS-2111AA680738" name="RoughWork.SuggestionFromDropdownList" tests="1" failures="0" timestamp="24 Aug 2018 11:53:51 GMT" time="6.535" errors="0">
  <testcase name="ClickOnSuggestionList" time="6.535" classname="RoughWork.SuggestionFromDropdownList"/>
</testsuite> <!-- RoughWork.SuggestionFromDropdownList -->
