<?xml version="1.0" encoding="UTF-8"?>
<!-- Generated by org.testng.reporters.JUnitReportReporter -->
<testsuite skipped="0" hostname="Rahul07" name="RoughWork.Loginwork" tests="1" failures="0" timestamp="27 Jun 2018 14:24:43 GMT" time="0.299" errors="0">
  <testcase name="Login" time="0.299" classname="RoughWork.Loginwork"/>
</testsuite> <!-- RoughWork.Loginwork -->
