<?xml version="1.0" encoding="UTF-8"?>
<!-- Generated by org.testng.reporters.JUnitReportReporter -->
<testsuite skipped="0" hostname="DS-2111AA680738" name="com.ManChesterUnitedKingdom.TestClass.StorePageClass" tests="2" failures="0" timestamp="25 Aug 2018 16:51:05 GMT" time="23.128" errors="0">
  <testcase name="StoreFlow" time="4.216" classname="com.ManChesterUnitedKingdom.TestClass.StorePageClass"/>
  <testcase name="MenModule" time="18.912" classname="com.ManChesterUnitedKingdom.TestClass.StorePageClass"/>
</testsuite> <!-- com.ManChesterUnitedKingdom.TestClass.StorePageClass -->
