<?xml version="1.0" encoding="UTF-8"?>
<!-- Generated by org.testng.reporters.JUnitReportReporter -->
<testsuite skipped="1" hostname="Rahul07" name="RoughWork.Log4jExample" tests="5" failures="0" timestamp="27 Jun 2018 14:03:33 GMT" time="0.092" errors="0">
  <testcase name="Fourth" time="0.082" classname="RoughWork.Log4jExample"/>
  <testcase name="second" time="0.003" classname="RoughWork.Log4jExample"/>
  <testcase name="first" time="0.003" classname="RoughWork.Log4jExample"/>
  <testcase name="Third" time="0.004" classname="RoughWork.Log4jExample"/>
  <testcase name="login" classname="RoughWork.Log4jExample">
    <skipped/>
  </testcase> <!-- login -->
</testsuite> <!-- RoughWork.Log4jExample -->
