<?xml version="1.0" encoding="UTF-8"?>
<!-- Generated by org.testng.reporters.JUnitReportReporter -->
<testsuite skipped="0" hostname="Rahul07" name="com.ManChesterUnitedKingdom.TestClass.All_Matches" tests="3" failures="0" timestamp="23 Jul 2018 11:53:22 GMT" time="61.638" errors="0">
  <testcase name="AllMatch" time="13.040" classname="com.ManChesterUnitedKingdom.TestClass.All_Matches"/>
  <testcase name="Login" time="28.565" classname="com.ManChesterUnitedKingdom.TestClass.All_Matches"/>
  <testcase name="AccountRegistration" time="20.033" classname="com.ManChesterUnitedKingdom.TestClass.All_Matches"/>
</testsuite> <!-- com.ManChesterUnitedKingdom.TestClass.All_Matches -->
