<?xml version="1.0" encoding="UTF-8"?>
<!-- Generated by org.testng.reporters.JUnitReportReporter -->
<testsuite skipped="0" hostname="DS-2111AA680738" name="com.ManChesterUnitedKingdom.TestClass.RegisterYourInterestClass" tests="1" failures="0" timestamp="23 Aug 2018 15:25:03 GMT" time="10.618" errors="0">
  <testcase name="ClickOnResgisterInterestModule" time="10.618" classname="com.ManChesterUnitedKingdom.TestClass.RegisterYourInterestClass"/>
</testsuite> <!-- com.ManChesterUnitedKingdom.TestClass.RegisterYourInterestClass -->
